<?xml version="1.0" encoding="UTF-8"?>
<testng-results skipped="0" failed="0" ignored="0" total="1" passed="1">
  <reporter-output>
  </reporter-output>
  <suite name="Default suite" duration-ms="37713" started-at="2018-06-20T05:19:41Z" finished-at="2018-06-20T05:20:18Z">
    <groups>
    </groups>
    <test name="Default test" duration-ms="37713" started-at="2018-06-20T05:19:41Z" finished-at="2018-06-20T05:20:18Z">
      <class name="OrangeHrmLIve.HomePageTest">
        <test-method status="PASS" signature="setUp()[pri:0, instance:OrangeHrmLIve.HomePageTest@6a1aab78]" name="setUp" is-config="true" duration-ms="15229" started-at="2018-06-20T05:19:41Z" finished-at="2018-06-20T05:19:56Z">
          <reporter-output>
          </reporter-output>
        </test-method> <!-- setUp -->
        <test-method status="PASS" signature="createAndVerifyCandidateProfile()[pri:0, instance:OrangeHrmLIve.HomePageTest@6a1aab78]" name="createAndVerifyCandidateProfile" duration-ms="20969" started-at="2018-06-20T05:19:56Z" finished-at="2018-06-20T05:20:17Z">
          <reporter-output>
          </reporter-output>
        </test-method> <!-- createAndVerifyCandidateProfile -->
        <test-method status="PASS" signature="logoutApplication()[pri:0, instance:OrangeHrmLIve.HomePageTest@6a1aab78]" name="logoutApplication" is-config="true" duration-ms="1443" started-at="2018-06-20T05:20:17Z" finished-at="2018-06-20T05:20:18Z">
          <reporter-output>
          </reporter-output>
        </test-method> <!-- logoutApplication -->
      </class> <!-- OrangeHrmLIve.HomePageTest -->
    </test> <!-- Default test -->
  </suite> <!-- Default suite -->
</testng-results>
